<?xml version="1.0" encoding="UTF-8"?>
<testsuites name="jest tests" tests="38" failures="1" errors="0" time="7.857">
  <testsuite name="DatetimeDto dto" errors="0" failures="0" skipped="0" timestamp="2021-12-23T20:18:31" time="2.974" tests="3">
    <testcase classname="DatetimeDto dto it should validate input to be a date time" name="DatetimeDto dto it should validate input to be a date time" time="0.191">
    </testcase>
    <testcase classname="DatetimeDto dto it should nullable" name="DatetimeDto dto it should nullable" time="0.002">
    </testcase>
    <testcase classname="DatetimeDto dto it should return a zod type" name="DatetimeDto dto it should return a zod type" time="0.003">
    </testcase>
  </testsuite>
  <testsuite name="UrlDto dto" errors="0" failures="0" skipped="0" timestamp="2021-12-23T20:18:31" time="3.073" tests="3">
    <testcase classname="UrlDto dto it should validate input to be a url" name="UrlDto dto it should validate input to be a url" time="0.283">
    </testcase>
    <testcase classname="UrlDto dto it should nullable" name="UrlDto dto it should nullable" time="0.004">
    </testcase>
    <testcase classname="UrlDto dto it should return a zod type" name="UrlDto dto it should return a zod type" time="0.002">
    </testcase>
  </testsuite>
  <testsuite name="ImageDto dto" errors="0" failures="0" skipped="0" timestamp="2021-12-23T20:18:32" time="2.963" tests="3">
    <testcase classname="ImageDto dto it should validate input to be a image object" name="ImageDto dto it should validate input to be a image object" time="0.029">
    </testcase>
    <testcase classname="ImageDto dto it should nullable" name="ImageDto dto it should nullable" time="0.003">
    </testcase>
    <testcase classname="ImageDto dto it should return a zod type" name="ImageDto dto it should return a zod type" time="0.001">
    </testcase>
  </testsuite>
  <testsuite name="StringDto dto" errors="0" failures="0" skipped="0" timestamp="2021-12-23T20:18:32" time="3.014" tests="3">
    <testcase classname="StringDto dto it should validate input to be a number" name="StringDto dto it should validate input to be a number" time="0.16">
    </testcase>
    <testcase classname="StringDto dto it should nullable" name="StringDto dto it should nullable" time="0.002">
    </testcase>
    <testcase classname="StringDto dto it should return a zod type" name="StringDto dto it should return a zod type" time="0.002">
    </testcase>
  </testsuite>
  <testsuite name="NumberDto dto" errors="0" failures="0" skipped="0" timestamp="2021-12-23T20:18:32" time="3.029" tests="3">
    <testcase classname="NumberDto dto it should validate input to be a number" name="NumberDto dto it should validate input to be a number" time="0.15">
    </testcase>
    <testcase classname="NumberDto dto it should nullable" name="NumberDto dto it should nullable" time="0.008">
    </testcase>
    <testcase classname="NumberDto dto it should return a zod type" name="NumberDto dto it should return a zod type" time="0.001">
    </testcase>
  </testsuite>
  <testsuite name="CurrencyDto dto" errors="0" failures="0" skipped="0" timestamp="2021-12-23T20:18:32" time="3.162" tests="3">
    <testcase classname="CurrencyDto dto it should validate input to be a currency" name="CurrencyDto dto it should validate input to be a currency" time="0.157">
    </testcase>
    <testcase classname="CurrencyDto dto it should nullable" name="CurrencyDto dto it should nullable" time="0.001">
    </testcase>
    <testcase classname="CurrencyDto dto it should return a zod type" name="CurrencyDto dto it should return a zod type" time="0.001">
    </testcase>
  </testsuite>
  <testsuite name="schema-to-object" errors="0" failures="0" skipped="0" timestamp="2021-12-23T20:18:35" time="0.607" tests="1">
    <testcase classname="schema-to-object it should transform prisma.schema to objects" name="schema-to-object it should transform prisma.schema to objects" time="0.013">
    </testcase>
  </testsuite>
  <testsuite name="StringArrayDto dto" errors="0" failures="0" skipped="0" timestamp="2021-12-23T20:18:35" time="0.786" tests="3">
    <testcase classname="StringArrayDto dto it should validate input to be a number" name="StringArrayDto dto it should validate input to be a number" time="0.131">
    </testcase>
    <testcase classname="StringArrayDto dto it should nullable" name="StringArrayDto dto it should nullable" time="0.002">
    </testcase>
    <testcase classname="StringArrayDto dto it should return a zod type" name="StringArrayDto dto it should return a zod type" time="0.001">
    </testcase>
  </testsuite>
  <testsuite name="Boolean dto" errors="0" failures="0" skipped="0" timestamp="2021-12-23T20:18:35" time="0.803" tests="3">
    <testcase classname="Boolean dto it should validate input to be a boolean" name="Boolean dto it should validate input to be a boolean" time="0.133">
    </testcase>
    <testcase classname="Boolean dto it should nullable" name="Boolean dto it should nullable" time="0.002">
    </testcase>
    <testcase classname="Boolean dto it should return a zod type" name="Boolean dto it should return a zod type" time="0.001">
    </testcase>
  </testsuite>
  <testsuite name="CuidDto dto" errors="0" failures="0" skipped="0" timestamp="2021-12-23T20:18:35" time="0.813" tests="3">
    <testcase classname="CuidDto dto it should validate input to be a cuid" name="CuidDto dto it should validate input to be a cuid" time="0.174">
    </testcase>
    <testcase classname="CuidDto dto it should be nullable" name="CuidDto dto it should be nullable" time="0.001">
    </testcase>
    <testcase classname="CuidDto dto it should return a zod type" name="CuidDto dto it should return a zod type" time="0">
    </testcase>
  </testsuite>
  <testsuite name="UuidDto dto" errors="0" failures="0" skipped="0" timestamp="2021-12-23T20:18:35" time="0.876" tests="3">
    <testcase classname="UuidDto dto it should validate input to be a uuid" name="UuidDto dto it should validate input to be a uuid" time="0.162">
    </testcase>
    <testcase classname="UuidDto dto it should nullable" name="UuidDto dto it should nullable" time="0.002">
    </testcase>
    <testcase classname="UuidDto dto it should return a zod type" name="UuidDto dto it should return a zod type" time="0.001">
    </testcase>
  </testsuite>
  <testsuite name="EmailDto dto" errors="0" failures="0" skipped="0" timestamp="2021-12-23T20:18:35" time="0.838" tests="3">
    <testcase classname="EmailDto dto it should validate input to be a email" name="EmailDto dto it should validate input to be a email" time="0.144">
    </testcase>
    <testcase classname="EmailDto dto it should nullable" name="EmailDto dto it should nullable" time="0.001">
    </testcase>
    <testcase classname="EmailDto dto it should return a zod type" name="EmailDto dto it should return a zod type" time="0.001">
    </testcase>
  </testsuite>
  <testsuite name="JsonDto dto" errors="0" failures="0" skipped="0" timestamp="2021-12-23T20:18:35" time="0.414" tests="3">
    <testcase classname="JsonDto dto it should validate input to be a json" name="JsonDto dto it should validate input to be a json" time="0.005">
    </testcase>
    <testcase classname="JsonDto dto it should nullable" name="JsonDto dto it should nullable" time="0.002">
    </testcase>
    <testcase classname="JsonDto dto it should return a zod type" name="JsonDto dto it should return a zod type" time="0.001">
    </testcase>
  </testsuite>
  <testsuite name="undefined" errors="0" failures="1" skipped="0" timestamp="2021-12-23T20:18:31" time="6.912" tests="1">
    <testcase classname=" should drop deleted records in many-to-many relationships" name=" should drop deleted records in many-to-many relationships" time="0.196">
      <failure>Error: expect(received).toHaveLength(expected)

Expected length: 1
Received length: 2
Received array:  [{&quot;createdAt&quot;: 2021-12-23T20:18:38.751Z, &quot;deletedAt&quot;: null, &quot;id&quot;: 1, &quot;updatedAt&quot;: 2021-12-23T20:18:38.751Z, &quot;userId&quot;: 6}, {&quot;createdAt&quot;: 2021-12-23T20:18:38.764Z, &quot;deletedAt&quot;: 2021-12-23T20:18:38.779Z, &quot;id&quot;: 2, &quot;updatedAt&quot;: 2021-12-23T20:18:38.780Z, &quot;userId&quot;: 6}]
    at Object.&lt;anonymous&gt; (/home/danban/Dokumente/private/anolilab/zod-prisma/packages/prisma-middleware/__tests__/soft-delete-middleware.test.ts:29:24)</failure>
    </testcase>
  </testsuite>
</testsuites>